{"total": {"lines":{"total":180,"covered":177,"skipped":0,"pct":98.33},"statements":{"total":192,"covered":188,"skipped":0,"pct":97.91},"functions":{"total":40,"covered":40,"skipped":0,"pct":100},"branches":{"total":81,"covered":75,"skipped":0,"pct":92.59},"branchesTrue":{"total":0,"covered":0,"skipped":0,"pct":"Unknown"}}
,"C:\\Users\\wtlee\\Documents\\GitHub\\ai-native-devops\\vscode-extension\\src\\agentAutomation.ts": {"lines":{"total":16,"covered":16,"skipped":0,"pct":100},"functions":{"total":10,"covered":10,"skipped":0,"pct":100},"statements":{"total":19,"covered":19,"skipped":0,"pct":100},"branches":{"total":8,"covered":8,"skipped":0,"pct":100}}
,"C:\\Users\\wtlee\\Documents\\GitHub\\ai-native-devops\\vscode-extension\\src\\aiRunner.ts": {"lines":{"total":58,"covered":56,"skipped":0,"pct":96.55},"functions":{"total":9,"covered":9,"skipped":0,"pct":100},"statements":{"total":58,"covered":56,"skipped":0,"pct":96.55},"branches":{"total":19,"covered":16,"skipped":0,"pct":84.21}}
,"C:\\Users\\wtlee\\Documents\\GitHub\\ai-native-devops\\vscode-extension\\src\\githubUtils.ts": {"lines":{"total":27,"covered":27,"skipped":0,"pct":100},"functions":{"total":7,"covered":7,"skipped":0,"pct":100},"statements":{"total":31,"covered":30,"skipped":0,"pct":96.77},"branches":{"total":10,"covered":8,"skipped":0,"pct":80}}
,"C:\\Users\\wtlee\\Documents\\GitHub\\ai-native-devops\\vscode-extension\\src\\lifecycleProvider.ts": {"lines":{"total":25,"covered":25,"skipped":0,"pct":100},"functions":{"total":6,"covered":6,"skipped":0,"pct":100},"statements":{"total":25,"covered":25,"skipped":0,"pct":100},"branches":{"total":22,"covered":22,"skipped":0,"pct":100}}
,"C:\\Users\\wtlee\\Documents\\GitHub\\ai-native-devops\\vscode-extension\\src\\phases.ts": {"lines":{"total":1,"covered":1,"skipped":0,"pct":100},"functions":{"total":0,"covered":0,"skipped":0,"pct":100},"statements":{"total":1,"covered":1,"skipped":0,"pct":100},"branches":{"total":0,"covered":0,"skipped":0,"pct":100}}
,"C:\\Users\\wtlee\\Documents\\GitHub\\ai-native-devops\\vscode-extension\\src\\webhookQueue.ts": {"lines":{"total":53,"covered":52,"skipped":0,"pct":98.11},"functions":{"total":8,"covered":8,"skipped":0,"pct":100},"statements":{"total":58,"covered":57,"skipped":0,"pct":98.27},"branches":{"total":22,"covered":21,"skipped":0,"pct":95.45}}
}
