TN:
SF:src\agentAutomation.ts
FN:350,getAgentSpecByPhase
FN:351,(anonymous_1)
FN:354,buildAutomationPrompt
FN:361,(anonymous_3)
FN:362,(anonymous_4)
FN:364,(anonymous_5)
FN:367,(anonymous_6)
FN:370,(anonymous_7)
FN:371,(anonymous_8)
FN:373,(anonymous_9)
FNF:10
FNH:10
FNDA:20,getAgentSpecByPhase
FNDA:70,(anonymous_1)
FNDA:14,buildAutomationPrompt
FNDA:81,(anonymous_3)
FNDA:64,(anonymous_4)
FNDA:1,(anonymous_5)
FNDA:1,(anonymous_6)
FNDA:1,(anonymous_7)
FNDA:57,(anonymous_8)
FNDA:4,(anonymous_9)
DA:27,3
DA:350,3
DA:351,70
DA:354,3
DA:361,81
DA:362,64
DA:363,14
DA:364,1
DA:366,14
DA:367,1
DA:369,14
DA:370,1
DA:371,57
DA:372,14
DA:373,4
DA:376,14
LF:16
LH:16
BRDA:363,0,0,1
BRDA:363,0,1,13
BRDA:366,1,0,1
BRDA:366,1,1,13
BRDA:369,2,0,1
BRDA:369,2,1,13
BRDA:372,3,0,1
BRDA:372,3,1,13
BRF:8
BRH:8
end_of_record
TN:
SF:src\aiRunner.ts
FN:16,(anonymous_9)
FN:18,(anonymous_10)
FN:48,(anonymous_11)
FN:96,(anonymous_12)
FN:146,(anonymous_13)
FN:183,(anonymous_14)
FN:187,(anonymous_15)
FN:191,(anonymous_16)
FN:195,(anonymous_17)
FNF:9
FNH:9
FNDA:30,(anonymous_9)
FNDA:26,(anonymous_10)
FNDA:11,(anonymous_11)
FNDA:9,(anonymous_12)
FNDA:4,(anonymous_13)
FNDA:2,(anonymous_14)
FNDA:2,(anonymous_15)
FNDA:3,(anonymous_16)
FNDA:1,(anonymous_17)
DA:1,2
DA:12,2
DA:13,2
DA:15,2
DA:16,30
DA:23,26
DA:24,26
DA:26,26
DA:27,26
DA:29,11
DA:30,8
DA:32,9
DA:33,8
DA:35,4
DA:36,3
DA:38,2
DA:41,5
DA:42,5
DA:53,11
DA:54,11
DA:55,3
DA:59,8
DA:64,8
DA:66,8
DA:68,0
DA:73,8
DA:75,8
DA:83,8
DA:84,16
DA:88,16
DA:91,8
DA:101,9
DA:102,9
DA:103,1
DA:107,8
DA:110,8
DA:112,8
DA:114,0
DA:119,8
DA:121,8
DA:135,8
DA:136,16
DA:137,16
DA:138,16
DA:141,8
DA:152,4
DA:153,4
DA:154,1
DA:159,3
DA:160,3
DA:169,3
DA:175,3
DA:176,3
DA:178,3
DA:184,2
DA:188,2
DA:192,3
DA:196,1
LF:58
LH:56
BRDA:27,0,0,11
BRDA:27,0,1,9
BRDA:27,0,2,4
BRDA:27,0,3,2
BRDA:41,1,0,5
BRDA:41,1,1,0
BRDA:54,2,0,3
BRDA:66,3,0,8
BRDA:66,3,1,0
BRDA:84,4,0,16
BRDA:85,5,0,16
BRDA:85,5,1,16
BRDA:102,6,0,1
BRDA:112,7,0,8
BRDA:112,7,1,0
BRDA:137,8,0,16
BRDA:153,9,0,1
BRDA:153,10,0,4
BRDA:153,10,1,4
BRF:19
BRH:16
end_of_record
TN:
SF:src\githubUtils.ts
FN:7,getGithubRepoInfo
FN:20,getGithubToken
FN:25,githubRequest
FN:31,(anonymous_12)
FN:47,(anonymous_13)
FN:49,(anonymous_14)
FN:50,(anonymous_15)
FNF:7
FNH:7
FNDA:11,getGithubRepoInfo
FNDA:6,getGithubToken
FNDA:13,githubRequest
FNDA:13,(anonymous_12)
FNDA:12,(anonymous_13)
FNDA:12,(anonymous_14)
FNDA:12,(anonymous_15)
DA:1,2
DA:2,2
DA:3,2
DA:7,2
DA:8,11
DA:9,11
DA:12,9
DA:13,9
DA:14,1
DA:15,1
DA:17,3
DA:20,2
DA:21,6
DA:22,6
DA:25,2
DA:31,13
DA:32,13
DA:33,13
DA:48,12
DA:49,12
DA:50,12
DA:51,12
DA:52,12
DA:54,1
DA:59,13
DA:60,13
DA:61,13
LF:27
LH:27
BRDA:13,0,0,8
BRDA:15,1,0,0
BRDA:20,2,0,5
BRDA:32,3,0,3
BRDA:32,3,1,10
BRDA:42,4,0,3
BRDA:42,4,1,10
BRDA:52,5,0,12
BRDA:52,5,1,0
BRDA:60,6,0,3
BRF:10
BRH:8
end_of_record
TN:
SF:src\lifecycleProvider.ts
FN:6,(anonymous_9)
FN:64,(anonymous_10)
FN:66,(anonymous_11)
FN:70,(anonymous_12)
FN:74,(anonymous_13)
FN:80,(anonymous_14)
FNF:6
FNH:6
FNDA:130,(anonymous_9)
FNDA:14,(anonymous_10)
FNDA:1,(anonymous_11)
FNDA:1,(anonymous_12)
FNDA:13,(anonymous_13)
FNDA:130,(anonymous_14)
DA:1,1
DA:3,1
DA:5,1
DA:7,130
DA:8,130
DA:9,130
DA:11,130
DA:12,130
DA:19,130
DA:21,130
DA:24,130
DA:25,130
DA:27,130
DA:28,13
DA:33,117
DA:36,130
DA:56,1
DA:59,14
DA:62,14
DA:64,14
DA:67,1
DA:71,1
DA:75,13
DA:79,13
DA:80,130
LF:25
LH:25
BRDA:12,0,0,13
BRDA:12,0,1,117
BRDA:14,1,0,13
BRDA:14,1,1,104
BRDA:16,2,0,13
BRDA:16,2,1,91
BRDA:19,3,0,13
BRDA:19,3,1,117
BRDA:27,4,0,13
BRDA:27,4,1,117
BRDA:37,5,0,13
BRDA:37,5,1,117
BRDA:39,6,0,13
BRDA:39,6,1,104
BRDA:41,7,0,13
BRDA:41,7,1,91
BRDA:44,8,0,13
BRDA:44,8,1,117
BRDA:46,9,0,13
BRDA:46,9,1,104
BRDA:48,10,0,13
BRDA:48,10,1,91
BRF:22
BRH:22
end_of_record
TN:
SF:src\phases.ts
FNF:0
FNH:0
DA:12,8
LF:1
LH:1
BRF:0
BRH:0
end_of_record
TN:
SF:src\webhookQueue.ts
FN:19,resolveQueueFilePath
FN:28,readQueuedEvents
FN:51,resolvePhaseAndSpec
FN:56,(anonymous_12)
FN:60,(anonymous_13)
FN:72,resolveTrigger
FN:77,(anonymous_15)
FN:83,buildQueueContext
FNF:8
FNH:8
FNDA:2,resolveQueueFilePath
FNDA:17,readQueuedEvents
FNDA:18,resolvePhaseAndSpec
FNDA:37,(anonymous_12)
FNDA:14,(anonymous_13)
FNDA:8,resolveTrigger
FNDA:8,(anonymous_15)
FNDA:10,buildQueueContext
DA:1,2
DA:2,2
DA:3,2
DA:4,2
DA:5,2
DA:19,2
DA:20,2
DA:21,2
DA:22,2
DA:23,1
DA:25,1
DA:28,2
DA:29,17
DA:30,1
DA:32,16
DA:33,16
DA:34,3
DA:37,13
DA:38,13
DA:39,21
DA:40,21
DA:41,20
DA:42,20
DA:43,18
DA:48,13
DA:51,2
DA:55,18
DA:56,37
DA:58,18
DA:59,3
DA:60,14
DA:62,18
DA:63,6
DA:65,12
DA:66,12
DA:67,0
DA:69,12
DA:72,2
DA:76,8
DA:77,8
DA:78,4
DA:80,6
DA:83,2
DA:84,10
DA:85,10
DA:86,5
DA:88,10
DA:89,3
DA:91,10
DA:92,4
DA:94,10
DA:95,2
DA:97,10
LF:53
LH:52
BRDA:22,0,0,1
BRDA:29,1,0,1
BRDA:33,2,0,3
BRDA:40,3,0,1
BRDA:55,4,0,12
BRDA:58,5,0,3
BRDA:58,6,0,18
BRDA:58,6,1,8
BRDA:60,7,0,14
BRDA:60,7,1,12
BRDA:62,8,0,6
BRDA:66,9,0,0
BRDA:76,10,0,4
BRDA:78,11,0,2
BRDA:85,12,0,5
BRDA:88,13,0,3
BRDA:91,14,0,4
BRDA:94,15,0,2
BRDA:94,16,0,10
BRDA:94,16,1,2
BRDA:97,17,0,10
BRDA:97,17,1,2
BRF:22
BRH:21
end_of_record
